###############################################################
#  Generated by:      Cadence Innovus 20.10-p004_1
#  OS:                Linux x86_64(Host ID nc-csuaf4-l01.apporto.com)
#  Generated on:      Sat Jun  7 23:05:08 2025
#  Design:            top
#  Command:           checkDesign -all
###############################################################
Design: top

------ Design Summary:
Total Standard Cell Number   (cells) : 4640
Total Block Cell Number      (cells) : 0
Total I/O Pad Cell Number    (cells) : 0
Total Standard Cell Area     ( um^2) : 9511.10
Total Block Cell Area        ( um^2) : 0.00
Total I/O Pad Cell Area      ( um^2) : 0.00

------ Design Statistics:

Number of Instances            : 4640
Number of Non-uniquified Insts : 4636
Number of Nets                 : 5597
Average number of Pins per Net : 3.33
Maximum number of Pins in Net  : 583

------ I/O Port summary

Number of Primary I/O Ports    : 112
Number of Input Ports          : 48
Number of Output Ports         : 64
Number of Bidirectional Ports  : 0
Number of Power/Ground Ports   : 0



------------------------------------------------------------
Detail report:


------ I/O Pad/Port Checking


