###############################################################
#  Generated by:      Cadence Innovus 21.18-s099_1
#  OS:                Linux x86_64(Host ID coe-ece-taco)
#  Generated on:      Fri Aug  1 12:09:22 2025
#  Design:            top
###############################################################
Design: top

------ Design Summary:
Total Standard Cell Number   (cells) : 47190
Total Block Cell Number      (cells) : 0
Total I/O Pad Cell Number    (cells) : 0
Total Standard Cell Area     ( um^2) : 97895.18
Total Block Cell Area        ( um^2) : 0.00
Total I/O Pad Cell Area      ( um^2) : 0.00

------ Design Statistics:

Number of Instances            : 47190
Number of Non-uniquified Insts : 47184
Number of Nets                 : 57797
Average number of Pins per Net : 3.31
Maximum number of Pins in Net  : 5576

------ I/O Port summary

Number of Primary I/O Ports    : 324
Number of Input Ports          : 132
Number of Output Ports         : 192
Number of Bidirectional Ports  : 0
Number of Power/Ground Ports   : 0



------------------------------------------------------------
Detail report:


------ I/O Pad/Port Checking


------ Primitive Pins DRC Checking

**WARN: Instance 'FE_RC_487_0' has multiple input pins tied together to net 'n25934'.
**WARN: Instance 'FE_RC_438_0' has multiple input pins tied together to net 'n52085'.
**WARN: Instance 'FE_RC_363_0' has multiple input pins tied together to net 'n18136'.
**WARN: Instance 'FE_RC_310_0' has multiple input pins tied together to net 'n45305'.
**WARN: Instance 'FE_RC_70_0' has multiple input pins tied together to net 'n21013'.
**WARN: Instance 'FE_RC_47_0' has multiple input pins tied together to net 'n24613'.
**WARN: Instance 'U14395' has multiple input pins tied together to net 'n37198'.
**WARN: Instance 'U14446' has multiple input pins tied together to net 'n36000'.
**WARN: Instance 'U14447' has multiple input pins tied together to net 'n18051'.
**WARN: Instance 'U14449' has multiple input pins tied together to net 'n16508'.
**WARN: Instance 'U14451' has multiple input pins tied together to net 'n20301'.
**WARN: Instance 'U14455' has multiple input pins tied together to net 'n26462'.
**WARN: Instance 'U14456' has multiple input pins tied together to net 'n36166'.
**WARN: Instance 'U14458' has multiple input pins tied together to net 'n16848'.
**WARN: Instance 'U14459' has multiple input pins tied together to net 'n23937'.
**WARN: Instance 'U14460' has multiple input pins tied together to net 'n49908'.
**WARN: Instance 'U14461' has multiple input pins tied together to net 'FE_OFN31116_n27323'.
**WARN: Instance 'U14463' has multiple input pins tied together to net 'n24778'.
**WARN: Instance 'U14978' has multiple input pins tied together to net 'n36705'.
**WARN: Instance 'U15052' has multiple input pins tied together to net 'n49196'.
**WARN: Instance 'U15877' has multiple input pins tied together to net 'n42109'.
**WARN: Instance 'U15879' has multiple input pins tied together to net 'n53246'.
**WARN: Instance 'U15894' has multiple input pins tied together to net 'n39045'.
**WARN: Instance 'U15895' has multiple input pins tied together to net 'n19598'.
**WARN: Instance 'U15928' has multiple input pins tied together to net 'n35538'.
**WARN: Instance 'U15939' has multiple input pins tied together to net 'n18274'.
**WARN: Instance 'U15944' has multiple input pins tied together to net 'n41492'.
**WARN: Instance 'U15999' has multiple input pins tied together to net 'n19352'.
**WARN: Instance 'U16041' has multiple input pins tied together to net 'n36315'.
**WARN: Instance 'U16072' has multiple input pins tied together to net 'n51999'.
**WARN: Instance 'U16110' has multiple input pins tied together to net 'n33851'.
**WARN: Instance 'U16117' has multiple input pins tied together to net 'n34320'.
**WARN: Instance 'U16125' has multiple input pins tied together to net 'n14378'.
**WARN: Instance 'U17964' has multiple input pins tied together to net 'n14461'.
**WARN: Instance 'U18055' has multiple input pins tied together to net 'FE_OFN31149_n14541'.
**WARN: Instance 'U18113' has multiple input pins tied together to net 'n14623'.
**WARN: Instance 'U18226' has multiple input pins tied together to net 'n14727'.
**WARN: Instance 'U18284' has multiple input pins tied together to net 'n14811'.
**WARN: Instance 'U18380' has multiple input pins tied together to net 'n14890'.
**WARN: Instance 'U18443' has multiple input pins tied together to net 'n14975'.
**WARN: Instance 'U18542' has multiple input pins tied together to net 'n15061'.
**WARN: Instance 'U18601' has multiple input pins tied together to net 'n15142'.
**WARN: Instance 'U18696' has multiple input pins tied together to net 'n15222'.
**WARN: Instance 'U18755' has multiple input pins tied together to net 'n15305'.
**WARN: Instance 'U18869' has multiple input pins tied together to net 'n15414'.
**WARN: Instance 'U18928' has multiple input pins tied together to net 'n15497'.
**WARN: Instance 'U19058' has multiple input pins tied together to net 'n15617'.
**WARN: Instance 'U19117' has multiple input pins tied together to net 'n15700'.
**WARN: Instance 'U19213' has multiple input pins tied together to net 'n15779'.
**WARN: Instance 'U19273' has multiple input pins tied together to net 'n15862'.
**WARN: Instance 'U19382' has multiple input pins tied together to net 'n15963'.
**WARN: Instance 'U19446' has multiple input pins tied together to net 'n16048'.
**WARN: Instance 'U19543' has multiple input pins tied together to net 'n16133'.
**WARN: Instance 'U19604' has multiple input pins tied together to net 'n16217'.
**WARN: Instance 'U19717' has multiple input pins tied together to net 'n16321'.
**WARN: Instance 'U19776' has multiple input pins tied together to net 'n16404'.
**WARN: Instance 'U19945' has multiple input pins tied together to net 'n16591'.
**WARN: Instance 'U20031' has multiple input pins tied together to net 'n16665'.
**WARN: Instance 'U20090' has multiple input pins tied together to net 'n16749'.
**WARN: Instance 'U20354' has multiple input pins tied together to net 'n17011'.
**WARN: Instance 'U20413' has multiple input pins tied together to net 'n17094'.
**WARN: Instance 'U20535' has multiple input pins tied together to net 'n17211'.
**WARN: Instance 'U20594' has multiple input pins tied together to net 'n17295'.
**WARN: Instance 'U20786' has multiple input pins tied together to net 'n17527'.
**WARN: Instance 'U20849' has multiple input pins tied together to net 'n17612'.
**WARN: Instance 'U20955' has multiple input pins tied together to net 'n17708'.
**WARN: Instance 'U21014' has multiple input pins tied together to net 'n17791'.
**WARN: Instance 'U21116' has multiple input pins tied together to net 'n17881'.
**WARN: Instance 'U21176' has multiple input pins tied together to net 'n17964'.
**WARN: Instance 'U21532' has multiple input pins tied together to net 'n18357'.
**WARN: Instance 'U21639' has multiple input pins tied together to net 'n18457'.
**WARN: Instance 'U21702' has multiple input pins tied together to net 'n18544'.
**WARN: Instance 'U21797' has multiple input pins tied together to net 'n18621'.
**WARN: Instance 'U21856' has multiple input pins tied together to net 'n18704'.
**WARN: Instance 'U21971' has multiple input pins tied together to net 'n18817'.
**WARN: Instance 'U22034' has multiple input pins tied together to net 'n18902'.
**WARN: Instance 'U22132' has multiple input pins tied together to net 'n18985'.
**WARN: Instance 'U22191' has multiple input pins tied together to net 'n19068'.
**WARN: Instance 'U22305' has multiple input pins tied together to net 'n19179'.
**WARN: Instance 'U22369' has multiple input pins tied together to net 'n19266'.
**WARN: Instance 'U22626' has multiple input pins tied together to net 'n19515'.
**WARN: Instance 'U22890' has multiple input pins tied together to net 'n19831'.
**WARN: Instance 'U22949' has multiple input pins tied together to net 'n19912'.
**WARN: Instance 'U23098' has multiple input pins tied together to net 'n20077'.
**WARN: Instance 'U23157' has multiple input pins tied together to net 'n20160'.
**WARN: Instance 'U23351' has multiple input pins tied together to net 'n20384'.
**WARN: Instance 'U23482' has multiple input pins tied together to net 'n20519'.
**WARN: Instance 'U23541' has multiple input pins tied together to net 'n20600'.
**WARN: Instance 'U23644' has multiple input pins tied together to net 'n20695'.
**WARN: Instance 'U23703' has multiple input pins tied together to net 'n20779'.
**WARN: Instance 'U23842' has multiple input pins tied together to net 'n20930'.
**WARN: Instance 'U23989' has multiple input pins tied together to net 'n21090'.
**WARN: Instance 'U24051' has multiple input pins tied together to net 'n21175'.
**WARN: Instance 'U24142' has multiple input pins tied together to net 'n21250'.
**WARN: Instance 'U24204' has multiple input pins tied together to net 'n21334'.
**WARN: Instance 'U24306' has multiple input pins tied together to net 'n21426'.
**WARN: Instance 'U24364' has multiple input pins tied together to net 'n21508'.
**WARN: Instance 'U24454' has multiple input pins tied together to net 'FE_OFN31119_n21581'.
**WARN: Instance 'U24513' has multiple input pins tied together to net 'n21662'.
**WARN: Instance 'U24778' has multiple input pins tied together to net 'FE_OFN31117_n21966'.
**WARN: Instance 'U24841' has multiple input pins tied together to net 'n22051'.
**WARN: Instance 'U24960' has multiple input pins tied together to net 'n22171'.
**WARN: Instance 'U25018' has multiple input pins tied together to net 'n22252'.
**WARN: Instance 'U25127' has multiple input pins tied together to net 'n22360'.
**WARN: Instance 'U25190' has multiple input pins tied together to net 'n22446'.
**WARN: Instance 'U25305' has multiple input pins tied together to net 'n22555'.
**WARN: Instance 'U25368' has multiple input pins tied together to net 'n22641'.
**WARN: Instance 'U25572' has multiple input pins tied together to net 'n22869'.
**WARN: Instance 'U25635' has multiple input pins tied together to net 'n22955'.
**WARN: Instance 'U25749' has multiple input pins tied together to net 'n23063'.
**WARN: Instance 'U25808' has multiple input pins tied together to net 'n23147'.
**WARN: Instance 'U25901' has multiple input pins tied together to net 'n23221'.
**WARN: Instance 'U25959' has multiple input pins tied together to net 'n23304'.
**WARN: Instance 'U26050' has multiple input pins tied together to net 'n23377'.
**WARN: Instance 'U26112' has multiple input pins tied together to net 'n23461'.
**WARN: Instance 'U26203' has multiple input pins tied together to net 'n23534'.
**WARN: Instance 'U26262' has multiple input pins tied together to net 'n23617'.
**WARN: Instance 'U26382' has multiple input pins tied together to net 'n23742'.
**WARN: Instance 'U26441' has multiple input pins tied together to net 'n23826'.
**WARN: Instance 'U26615' has multiple input pins tied together to net 'n24020'.
**WARN: Instance 'U26745' has multiple input pins tied together to net 'n24159'.
**WARN: Instance 'U26803' has multiple input pins tied together to net 'n24242'.
**WARN: Instance 'U26917' has multiple input pins tied together to net 'FE_OFN31147_n24351'.
**WARN: Instance 'U26976' has multiple input pins tied together to net 'n24435'.
**WARN: Instance 'U27082' has multiple input pins tied together to net 'n24528'.
**WARN: Instance 'U27353' has multiple input pins tied together to net 'n24860'.
**WARN: Instance 'U27503' has multiple input pins tied together to net 'n25026'.
**WARN: Instance 'U27566' has multiple input pins tied together to net 'n25111'.
**WARN: Instance 'U27758' has multiple input pins tied together to net 'n25339'.
**WARN: Instance 'U27822' has multiple input pins tied together to net 'n25424'.
**WARN: Instance 'U27930' has multiple input pins tied together to net 'n25521'.
**WARN: Instance 'U27992' has multiple input pins tied together to net 'n25605'.
**WARN: Instance 'U28086' has multiple input pins tied together to net 'n25687'.
**WARN: Instance 'U28150' has multiple input pins tied together to net 'n25773'.
**WARN: Instance 'U28243' has multiple input pins tied together to net 'n25849'.
**WARN: Instance 'U28444' has multiple input pins tied together to net 'n26089'.
**WARN: Instance 'U28503' has multiple input pins tied together to net 'n26172'.
**WARN: Instance 'U28573' has multiple input pins tied together to net 'n26376'.
**WARN: Instance 'U28656' has multiple input pins tied together to net 'n26372'.
**WARN: Instance 'U28844' has multiple input pins tied together to net 'n26545'.
**WARN: Instance 'U28947' has multiple input pins tied together to net 'n26644'.
**WARN: Instance 'U29006' has multiple input pins tied together to net 'n26728'.
**WARN: Instance 'U29115' has multiple input pins tied together to net 'n26831'.
**WARN: Instance 'U29174' has multiple input pins tied together to net 'n26912'.
**WARN: Instance 'U29277' has multiple input pins tied together to net 'n27005'.
**WARN: Instance 'U29336' has multiple input pins tied together to net 'n27088'.
**WARN: Instance 'U29429' has multiple input pins tied together to net 'n27166'.
**WARN: Instance 'U29638' has multiple input pins tied together to net 'n27407'.
**WARN: Instance 'U29751' has multiple input pins tied together to net 'n27508'.
**WARN: Instance 'U29810' has multiple input pins tied together to net 'n27592'.
**WARN: Instance 'U29901' has multiple input pins tied together to net 'n27664'.
**WARN: Instance 'U29960' has multiple input pins tied together to net 'n27745'.
**WARN: Instance 'U30040' has multiple input pins tied together to net 'n27916'.
**WARN: Instance 'U30197' has multiple input pins tied together to net 'n27977'.
**WARN: Instance 'U30256' has multiple input pins tied together to net 'n28061'.
**WARN: Instance 'U30366' has multiple input pins tied together to net 'n28167'.
**WARN: Instance 'U30429' has multiple input pins tied together to net 'n28253'.
**WARN: Instance 'U30472' has multiple input pins tied together to net 'n28286'.
**WARN: Instance 'U30559' has multiple input pins tied together to net 'n28353'.
**WARN: Instance 'U30752' has multiple input pins tied together to net 'n32270'.
**WARN: Instance 'U30865' has multiple input pins tied together to net 'n32039'.
**WARN: Instance 'U30896' has multiple input pins tied together to net 'n32087'.
**WARN: Instance 'U31649' has multiple input pins tied together to net 'n32023'.
**WARN: Instance 'U31704' has multiple input pins tied together to net 'n32233'.
**WARN: Instance 'U31777' has multiple input pins tied together to net 'n33048'.
**WARN: Instance 'U31805' has multiple input pins tied together to net 'n33138'.
**WARN: Instance 'U31825' has multiple input pins tied together to net 'n32006'.
**WARN: Instance 'U32300' has multiple input pins tied together to net 'n33033'.
**WARN: Instance 'U32320' has multiple input pins tied together to net 'n32055'.
**WARN: Instance 'U32346' has multiple input pins tied together to net 'n31976'.
**WARN: Instance 'U32367' has multiple input pins tied together to net 'n33183'.
**WARN: Instance 'U32387' has multiple input pins tied together to net 'n33063'.
**WARN: Instance 'U32403' has multiple input pins tied together to net 'n33108'.
**WARN: Instance 'U32423' has multiple input pins tied together to net 'n33078'.
**WARN: Instance 'U32443' has multiple input pins tied together to net 'n32071'.
**WARN: Instance 'U32466' has multiple input pins tied together to net 'n33153'.
**WARN: Instance 'U32486' has multiple input pins tied together to net 'n32106'.
**WARN: Instance 'U36802' has multiple input pins tied together to net 'n33018'.
**WARN: Instance 'U36886' has multiple input pins tied together to net 'n33346'.
**WARN: Instance 'U36911' has multiple input pins tied together to net 'n32194'.
**WARN: Instance 'U36921' has multiple input pins tied together to net 'n33394'.
**WARN: Instance 'U36939' has multiple input pins tied together to net 'n33466'.
**WARN: Instance 'U36957' has multiple input pins tied together to net 'n33418'.
**WARN: Instance 'U36975' has multiple input pins tied together to net 'n33358'.
**WARN: Instance 'U36993' has multiple input pins tied together to net 'n33382'.
**WARN: Instance 'U37011' has multiple input pins tied together to net 'n33454'.
**WARN: Instance 'U37033' has multiple input pins tied together to net 'n33478'.
**WARN: Instance 'U37066' has multiple input pins tied together to net 'n33442'.
**WARN: Instance 'U37081' has multiple input pins tied together to net 'n33168'.
**WARN: Instance 'U37111' has multiple input pins tied together to net 'n32159'.
**WARN: Instance 'U37132' has multiple input pins tied together to net 'n33370'.
**WARN: Instance 'U37145' has multiple input pins tied together to net 'n33093'.
**WARN: Instance 'U37182' has multiple input pins tied together to net 'n33406'.
**WARN: Instance 'U37195' has multiple input pins tied together to net 'n33123'.
**WARN: Instance 'U37236' has multiple input pins tied together to net 'n33430'.
**WARN: Instance 'U38292' has multiple input pins tied together to net 'n33696'.
**WARN: Instance 'U38351' has multiple input pins tied together to net 'n33779'.
**WARN: Instance 'U38500' has multiple input pins tied together to net 'n33934'.
**WARN: Instance 'U38584' has multiple input pins tied together to net 'n34001'.
**WARN: Instance 'U38643' has multiple input pins tied together to net 'n34085'.
**WARN: Instance 'U38728' has multiple input pins tied together to net 'n34149'.
**WARN: Instance 'U38790' has multiple input pins tied together to net 'n34233'.
**WARN: Instance 'U38956' has multiple input pins tied together to net 'n34405'.
**WARN: Instance 'U39044' has multiple input pins tied together to net 'n34472'.
**WARN: Instance 'U39107' has multiple input pins tied together to net 'n34557'.
**WARN: Instance 'U39195' has multiple input pins tied together to net 'n34626'.
**WARN: Instance 'U39258' has multiple input pins tied together to net 'n34711'.
**WARN: Instance 'U39345' has multiple input pins tied together to net 'n34778'.
**WARN: Instance 'U39408' has multiple input pins tied together to net 'n34863'.
**WARN: Instance 'U39503' has multiple input pins tied together to net 'n34937'.
**WARN: Instance 'U39562' has multiple input pins tied together to net 'n35021'.
**WARN: Instance 'U39648' has multiple input pins tied together to net 'n35085'.
**WARN: Instance 'U39707' has multiple input pins tied together to net 'n35170'.
**WARN: Instance 'U39794' has multiple input pins tied together to net 'n35235'.
**WARN: Instance 'U39853' has multiple input pins tied together to net 'n35318'.
**WARN: Instance 'U39947' has multiple input pins tied together to net 'n35390'.
**WARN: Instance 'U40005' has multiple input pins tied together to net 'n35472'.
**WARN: Instance 'U40149' has multiple input pins tied together to net 'n35621'.
**WARN: Instance 'U40246' has multiple input pins tied together to net 'n35698'.
**WARN: Instance 'U40305' has multiple input pins tied together to net 'n35781'.
**WARN: Instance 'U40393' has multiple input pins tied together to net 'FE_OFN14549_n35845'.
**WARN: Instance 'U40452' has multiple input pins tied together to net 'n35928'.
**WARN: Instance 'U40603' has multiple input pins tied together to net 'n36083'.
**WARN: Instance 'U40764' has multiple input pins tied together to net 'n36249'.
**WARN: Instance 'U40908' has multiple input pins tied together to net 'n36398'.
**WARN: Instance 'U40999' has multiple input pins tied together to net 'n36469'.
**WARN: Instance 'U41062' has multiple input pins tied together to net 'n36555'.
**WARN: Instance 'U41148' has multiple input pins tied together to net 'n36622'.
**WARN: Instance 'U41305' has multiple input pins tied together to net 'n36792'.
**WARN: Instance 'U41364' has multiple input pins tied together to net 'n36876'.
**WARN: Instance 'U41455' has multiple input pins tied together to net 'n36953'.
**WARN: Instance 'U41518' has multiple input pins tied together to net 'n37038'.
**WARN: Instance 'U41611' has multiple input pins tied together to net 'n37113'.
**WARN: Instance 'U41767' has multiple input pins tied together to net 'n37279'.
**WARN: Instance 'U41926' has multiple input pins tied together to net 'n37445'.
**WARN: Instance 'U41989' has multiple input pins tied together to net 'n37530'.
**WARN: Instance 'U42079' has multiple input pins tied together to net 'n37605'.
**WARN: Instance 'U42142' has multiple input pins tied together to net 'n37691'.
**WARN: Instance 'U42235' has multiple input pins tied together to net 'n37767'.
**WARN: Instance 'U42298' has multiple input pins tied together to net 'n37852'.
**WARN: Instance 'U42390' has multiple input pins tied together to net 'n37929'.
**WARN: Instance 'U42452' has multiple input pins tied together to net 'n38013'.
**WARN: Instance 'U42562' has multiple input pins tied together to net 'n38120'.
**WARN: Instance 'U42621' has multiple input pins tied together to net 'n38203'.
**WARN: Instance 'U43053' has multiple input pins tied together to net 'n38753'.
**WARN: Instance 'U43112' has multiple input pins tied together to net 'n38833'.
**WARN: Instance 'U43242' has multiple input pins tied together to net 'n38969'.
**WARN: Instance 'U43435' has multiple input pins tied together to net 'n39188'.
**WARN: Instance 'U43494' has multiple input pins tied together to net 'n39271'.
**WARN: Instance 'U43733' has multiple input pins tied together to net 'n39567'.
**WARN: Instance 'U43792' has multiple input pins tied together to net 'n39651'.
**WARN: Instance 'U43927' has multiple input pins tied together to net 'n39798'.
**WARN: Instance 'U43989' has multiple input pins tied together to net 'n39882'.
**WARN: Instance 'U44142' has multiple input pins tied together to net 'n40074'.
**WARN: Instance 'U44201' has multiple input pins tied together to net 'n40156'.
**WARN: Instance 'U44398' has multiple input pins tied together to net 'n40433'.
**WARN: Instance 'U44461' has multiple input pins tied together to net 'n40518'.
**WARN: Instance 'U44709' has multiple input pins tied together to net 'n40870'.
**WARN: Instance 'U44764' has multiple input pins tied together to net 'n40946'.
**WARN: Instance 'U44969' has multiple input pins tied together to net 'n41210'.
**WARN: Instance 'U45028' has multiple input pins tied together to net 'n41293'.
**WARN: Instance 'U45259' has multiple input pins tied together to net 'n41578'.
**WARN: Instance 'U45426' has multiple input pins tied together to net 'n41793'.
**WARN: Instance 'U45489' has multiple input pins tied together to net 'n41879'.
**WARN: Instance 'U45618' has multiple input pins tied together to net 'n42032'.
**WARN: Instance 'U45807' has multiple input pins tied together to net 'n42267'.
**WARN: Instance 'U45870' has multiple input pins tied together to net 'n42353'.
**WARN: Instance 'U46145' has multiple input pins tied together to net 'n42751'.
**WARN: Instance 'U46207' has multiple input pins tied together to net 'n42835'.
**WARN: Instance 'U46366' has multiple input pins tied together to net 'n43024'.
**WARN: Instance 'U46425' has multiple input pins tied together to net 'n43107'.
**WARN: Instance 'U46555' has multiple input pins tied together to net 'n43252'.
**WARN: Instance 'U46614' has multiple input pins tied together to net 'n43336'.
**WARN: Instance 'U46887' has multiple input pins tied together to net 'n43736'.
**WARN: Instance 'U47088' has multiple input pins tied together to net 'n43971'.
**WARN: Instance 'U47147' has multiple input pins tied together to net 'n44054'.
**WARN: Instance 'U47577' has multiple input pins tied together to net 'n44722'.
**WARN: Instance 'U47636' has multiple input pins tied together to net 'n44806'.
**WARN: Instance 'U47756' has multiple input pins tied together to net 'n44944'.
**WARN: Instance 'U47811' has multiple input pins tied together to net 'n45021'.
**WARN: Instance 'U47973' has multiple input pins tied together to net 'n45217'.
**WARN: Instance 'U48171' has multiple input pins tied together to net 'n45453'.
**WARN: Instance 'U48230' has multiple input pins tied together to net 'n45537'.
**WARN: Instance 'U48414' has multiple input pins tied together to net 'n45775'.
**WARN: Instance 'U48473' has multiple input pins tied together to net 'n45858'.
**WARN: Instance 'U48599' has multiple input pins tied together to net 'n45999'.
**WARN: Instance 'U48654' has multiple input pins tied together to net 'n46076'.
**WARN: Instance 'U48794' has multiple input pins tied together to net 'n46249'.
**WARN: Instance 'U48852' has multiple input pins tied together to net 'n46331'.
**WARN: Instance 'U49075' has multiple input pins tied together to net 'n46638'.
**WARN: Instance 'U49138' has multiple input pins tied together to net 'n46723'.
**WARN: Instance 'U49464' has multiple input pins tied together to net 'n47168'.
**WARN: Instance 'U49523' has multiple input pins tied together to net 'n47251'.
**WARN: Instance 'U49947' has multiple input pins tied together to net 'n47959'.
**WARN: Instance 'U50002' has multiple input pins tied together to net 'n48035'.
**WARN: Instance 'U50223' has multiple input pins tied together to net 'n48352'.
**WARN: Instance 'U50282' has multiple input pins tied together to net 'n48435'.
**WARN: Instance 'U50416' has multiple input pins tied together to net 'n48582'.
**WARN: Instance 'U50479' has multiple input pins tied together to net 'n48667'.
**WARN: Instance 'U50776' has multiple input pins tied together to net 'n49112'.
**WARN: Instance 'U51046' has multiple input pins tied together to net 'n49486'.
**WARN: Instance 'U51105' has multiple input pins tied together to net 'n49570'.
**WARN: Instance 'U51405' has multiple input pins tied together to net 'n49991'.
**WARN: Instance 'U51598' has multiple input pins tied together to net 'n50254'.
**WARN: Instance 'U51660' has multiple input pins tied together to net 'n50338'.
**WARN: Instance 'U51785' has multiple input pins tied together to net 'n50480'.
**WARN: Instance 'U51840' has multiple input pins tied together to net 'n50557'.
**WARN: Instance 'U52170' has multiple input pins tied together to net 'n51080'.
**WARN: Instance 'U52225' has multiple input pins tied together to net 'n51157'.
**WARN: Instance 'U52406' has multiple input pins tied together to net 'n51382'.
**WARN: Instance 'U52465' has multiple input pins tied together to net 'n51465'.
**WARN: Instance 'U52644' has multiple input pins tied together to net 'n51689'.
**WARN: Instance 'U52703' has multiple input pins tied together to net 'n51772'.
**WARN: Instance 'U53056' has multiple input pins tied together to net 'n52224'.
**WARN: Instance 'U53115' has multiple input pins tied together to net 'n52307'.
**WARN: Instance 'U53241' has multiple input pins tied together to net 'n52450'.
**WARN: Instance 'U53296' has multiple input pins tied together to net 'n52526'.
**WARN: Instance 'U53427' has multiple input pins tied together to net 'n52669'.
**WARN: Instance 'U53486' has multiple input pins tied together to net 'n52753'.
**WARN: Instance 'U53757' has multiple input pins tied together to net 'n53169'.
**WARN: Instance 'U54041' has multiple input pins tied together to net 'n53583'.
**WARN: Instance 'U54100' has multiple input pins tied together to net 'n53666'.
**WARN: Instance 'U54370' has multiple input pins tied together to net 'n54083'.
**WARN: Instance 'U54432' has multiple input pins tied together to net 'n54167'.
**WARN: Instance 'U54558' has multiple input pins tied together to net 'n54311'.
**WARN: Instance 'U54617' has multiple input pins tied together to net 'n54391'.
**WARN: Instance 'U54997' has multiple input pins tied together to net 'n54996'.
**WARN: Instance 'U55056' has multiple input pins tied together to net 'n55079'.
**WARN: Instance 'U55197' has multiple input pins tied together to net 'n55243'.
**WARN: Instance 'U55256' has multiple input pins tied together to net 'n55324'.

------ Primitive Net DRC Check

WARNING : Net preload_data[0] has 168 fanout
WARNING : Net preload_data[1] has 168 fanout
WARNING : Net preload_data[2] has 168 fanout
WARNING : Net preload_data[3] has 168 fanout
WARNING : Net preload_data[4] has 168 fanout
WARNING : Net preload_data[5] has 168 fanout
WARNING : Net preload_data[6] has 168 fanout
WARNING : Net preload_data[7] has 168 fanout
WARNING : Net rst_n has 5575 fanout
WARNING : Net FE_OFN31_FE_DBTN27_n14169 has 53 fanout
WARNING : Net FE_OFN42_FE_DBTN8_n59915 has 66 fanout
WARNING : Net FE_OFN43_FE_DBTN8_n59915 has 55 fanout
WARNING : Net FE_OFN46_FE_DBTN8_n59915 has 68 fanout
WARNING : Net FE_OFN47_FE_DBTN8_n59915 has 69 fanout
WARNING : Net FE_OFN53_FE_DBTN8_n59915 has 60 fanout
WARNING : Net FE_OFN76_n14377 has 52 fanout
WARNING : Net FE_OFN97_n28473 has 51 fanout
WARNING : Net FE_OFN102_n28473 has 64 fanout
WARNING : Net FE_OFN108_n28473 has 64 fanout
WARNING : Net FE_OFN112_n28473 has 55 fanout
WARNING : Net FE_OFN114_n28473 has 52 fanout
WARNING : Net FE_OFN126_n55714 has 52 fanout
WARNING : Net FE_OFN127_n55714 has 54 fanout
WARNING : Net FE_OFN128_n55714 has 60 fanout
WARNING : Net FE_OFN130_n55714 has 57 fanout
WARNING : Net FE_OFN133_n55714 has 60 fanout
WARNING : Net FE_OFN134_n55714 has 59 fanout
WARNING : Net FE_OFN135_n55714 has 51 fanout
WARNING : Net FE_OFN137_n55714 has 60 fanout
WARNING : Net FE_OFN138_n55714 has 68 fanout
WARNING : Net FE_OFN143_global_state_1 has 65 fanout
WARNING : Net FE_OFN144_global_state_1 has 59 fanout
WARNING : Net FE_OFN145_global_state_1 has 52 fanout
WARNING : Net FE_OFN148_global_state_1 has 52 fanout
WARNING : Net FE_OFN149_global_state_1 has 56 fanout
WARNING : Net FE_OFN158_global_state_1 has 59 fanout
WARNING : Net FE_OFN159_global_state_1 has 52 fanout
WARNING : Net FE_OFN164_global_state_1 has 53 fanout
WARNING : Net FE_OFN165_global_state_1 has 56 fanout
WARNING : Net FE_OFN166_global_state_1 has 60 fanout
WARNING : Net FE_OFN171_n12062 has 51 fanout
WARNING : Net FE_OFN223_n55819 has 71 fanout
WARNING : Net FE_OFN226_n59915 has 60 fanout
WARNING : Net FE_OFN232_FE_DBTN0_n55819 has 72 fanout
WARNING : Net FE_OFN238_n14169 has 53 fanout
WARNING : Net FE_OFN250_n28473 has 56 fanout
WARNING : Net CTS_7 has 100 fanout
WARNING : Net CTS_8 has 99 fanout
WARNING : Net CTS_1 has 100 fanout
WARNING : Net CTS_2 has 100 fanout
WARNING : Net CTS_3 has 100 fanout
WARNING : Net CTS_4 has 98 fanout
WARNING : Net CTS_5 has 100 fanout
WARNING : Net CTS_16 has 100 fanout
WARNING : Net CTS_17 has 100 fanout
WARNING : Net CTS_9 has 100 fanout
WARNING : Net CTS_10 has 99 fanout
WARNING : Net CTS_11 has 98 fanout
WARNING : Net CTS_12 has 100 fanout
WARNING : Net CTS_13 has 100 fanout
WARNING : Net CTS_14 has 99 fanout
WARNING : Net CTS_23 has 100 fanout
WARNING : Net CTS_24 has 100 fanout
WARNING : Net CTS_18 has 99 fanout
WARNING : Net CTS_19 has 100 fanout
WARNING : Net CTS_20 has 97 fanout
WARNING : Net CTS_21 has 99 fanout
WARNING : Net CTS_31 has 100 fanout
WARNING : Net CTS_32 has 100 fanout
WARNING : Net CTS_25 has 100 fanout
WARNING : Net CTS_26 has 100 fanout
WARNING : Net CTS_27 has 99 fanout
WARNING : Net CTS_28 has 100 fanout
WARNING : Net CTS_29 has 99 fanout
WARNING : Net CTS_40 has 100 fanout
WARNING : Net CTS_41 has 100 fanout
WARNING : Net CTS_34 has 100 fanout
WARNING : Net CTS_35 has 95 fanout
WARNING : Net CTS_36 has 99 fanout
WARNING : Net CTS_37 has 100 fanout
WARNING : Net CTS_38 has 100 fanout
WARNING : Net CTS_47 has 100 fanout
WARNING : Net CTS_48 has 100 fanout
WARNING : Net CTS_42 has 99 fanout
WARNING : Net CTS_43 has 100 fanout
WARNING : Net CTS_44 has 100 fanout
WARNING : Net CTS_45 has 100 fanout
WARNING : Net CTS_54 has 100 fanout
WARNING : Net CTS_55 has 100 fanout
WARNING : Net CTS_49 has 99 fanout
WARNING : Net CTS_50 has 100 fanout
WARNING : Net CTS_51 has 100 fanout
WARNING : Net CTS_52 has 99 fanout
WARNING : Net CTS_64 has 100 fanout
WARNING : Net CTS_65 has 100 fanout
WARNING : Net CTS_56 has 100 fanout
WARNING : Net CTS_57 has 100 fanout
WARNING : Net CTS_58 has 100 fanout
WARNING : Net CTS_59 has 100 fanout
WARNING : Net CTS_60 has 99 fanout
WARNING : Net CTS_61 has 100 fanout
WARNING : Net CTS_62 has 99 fanout

