###############################################################
#  Generated by:      Cadence Innovus 20.10-p004_1
#  OS:                Linux x86_64(Host ID nc-csuaf4-l01.apporto.com)
#  Generated on:      Wed Jul 23 19:52:34 2025
#  Design:            top
#  Command:           checkDesign -io -netlist -physicalLibrary -powerGround -tieHilo -timingLibrary -spef -floorplan -place -outdir checkDesign
###############################################################
Design: top

------ Design Summary:
Total Standard Cell Number   (cells) : 1141
Total Block Cell Number      (cells) : 0
Total I/O Pad Cell Number    (cells) : 0
Total Standard Cell Area     ( um^2) : 2428.05
Total Block Cell Area        ( um^2) : 0.00
Total I/O Pad Cell Area      ( um^2) : 0.00

------ Design Statistics:

Number of Instances            : 1141
Number of Non-uniquified Insts : 1132
Number of Nets                 : 1387
Average number of Pins per Net : 3.37
Maximum number of Pins in Net  : 166

------ I/O Port summary

Number of Primary I/O Ports    : 62
Number of Input Ports          : 30
Number of Output Ports         : 32
Number of Bidirectional Ports  : 0
Number of Power/Ground Ports   : 0



------------------------------------------------------------
Detail report:


------ I/O Pad/Port Checking


------ Primitive Pins DRC Checking

**WARN: Instance 'U523' has multiple input pins tied together to net 'n481'.
**WARN: Instance 'U757' has multiple input pins tied together to net 'n975'.
**WARN: Instance 'U770' has multiple input pins tied together to net 'n761'.
**WARN: Instance 'U822' has multiple input pins tied together to net 'n822'.
**WARN: Instance 'U842' has multiple input pins tied together to net 'n851'.
**WARN: Instance 'U989' has multiple input pins tied together to net 'n1035'.
**WARN: Instance 'U1009' has multiple input pins tied together to net 'n1064'.
**WARN: Instance 'U1163' has multiple input pins tied together to net 'n1134'.

------ Primitive Net DRC Check

WARNING : Net rst_n has 93 fanout
WARNING : Net clk has 165 fanout

