###############################################################
#  Generated by:      Cadence Innovus 21.18-s099_1
#  OS:                Linux x86_64(Host ID coe-ece-taco)
#  Generated on:      Mon Jul 28 12:01:47 2025
#  Design:            top
###############################################################
Design: top

------ Design Summary:
Total Standard Cell Number   (cells) : 6427
Total Block Cell Number      (cells) : 0
Total I/O Pad Cell Number    (cells) : 0
Total Standard Cell Area     ( um^2) : 11059.48
Total Block Cell Area        ( um^2) : 0.00
Total I/O Pad Cell Area      ( um^2) : 0.00

------ Design Statistics:

Number of Instances            : 6427
Number of Non-uniquified Insts : 6415
Number of Nets                 : 7375
Average number of Pins per Net : 3.02
Maximum number of Pins in Net  : 99

------ I/O Port summary

Number of Primary I/O Ports    : 112
Number of Input Ports          : 48
Number of Output Ports         : 64
Number of Bidirectional Ports  : 0
Number of Power/Ground Ports   : 0



------------------------------------------------------------
Detail report:


------ I/O Pad/Port Checking


------ Primitive Pins DRC Checking

**WARN: Instance 'FE_RC_43_0' has multiple input pins tied together to net 'n2091'.
**WARN: Instance 'U1378' has multiple input pins tied together to net 'FE_OFN22_n2981'.
**WARN: Instance 'U1604' has multiple input pins tied together to net 'FE_OFN22_n2981'.
**WARN: Instance 'U1811' has multiple input pins tied together to net 'n1519'.
**WARN: Instance 'U1960' has multiple input pins tied together to net 'n1679'.
**WARN: Instance 'U2118' has multiple input pins tied together to net 'n1844'.
**WARN: Instance 'U2274' has multiple input pins tied together to net 'n2009'.
**WARN: Instance 'U2432' has multiple input pins tied together to net 'n2183'.
**WARN: Instance 'U2601' has multiple input pins tied together to net 'n2364'.
**WARN: Instance 'U2665' has multiple input pins tied together to net 'n2451'.
**WARN: Instance 'U2776' has multiple input pins tied together to net 'n2545'.
**WARN: Instance 'U2835' has multiple input pins tied together to net 'n2629'.
**WARN: Instance 'U2933' has multiple input pins tied together to net 'n2717'.
**WARN: Instance 'U3095' has multiple input pins tied together to net 'n2895'.
**WARN: Instance 'U3255' has multiple input pins tied together to net 'n3077'.
**WARN: Instance 'U3422' has multiple input pins tied together to net 'n3255'.
**WARN: Instance 'U3483' has multiple input pins tied together to net 'n3340'.
**WARN: Instance 'U3588' has multiple input pins tied together to net 'n3433'.
**WARN: Instance 'U3955' has multiple input pins tied together to net 'n4069'.
**WARN: Instance 'U3968' has multiple input pins tied together to net 'n4101'.
**WARN: Instance 'U3981' has multiple input pins tied together to net 'n4117'.
**WARN: Instance 'U3994' has multiple input pins tied together to net 'n4085'.
**WARN: Instance 'U4364' has multiple input pins tied together to net 'n4355'.
**WARN: Instance 'U4380' has multiple input pins tied together to net 'n4385'.
**WARN: Instance 'U4396' has multiple input pins tied together to net 'n4340'.
**WARN: Instance 'U4412' has multiple input pins tied together to net 'n4370'.
**WARN: Instance 'U4470' has multiple input pins tied together to net 'n4476'.
**WARN: Instance 'U4488' has multiple input pins tied together to net 'n4452'.
**WARN: Instance 'U4506' has multiple input pins tied together to net 'n4488'.
**WARN: Instance 'U4524' has multiple input pins tied together to net 'n4464'.

------ Primitive Net DRC Check

WARNING : Net FE_DBTN3_n1290 has 69 fanout
WARNING : Net FE_OFN0_rst_n has 57 fanout
WARNING : Net FE_OFN2_rst_n has 55 fanout
WARNING : Net FE_OFN4_rst_n has 56 fanout
WARNING : Net FE_OFN5_rst_n has 64 fanout
WARNING : Net FE_OFN6_rst_n has 61 fanout
WARNING : Net FE_OFN9_rst_n has 56 fanout
WARNING : Net FE_OFN28_n5316 has 57 fanout
WARNING : Net FE_OFN29_n5316 has 58 fanout
WARNING : Net FE_OFN30_n5316 has 73 fanout
WARNING : Net FE_OFN31_FE_DBTN2_n1678 has 61 fanout
WARNING : Net FE_OFN33_n4589 has 65 fanout
WARNING : Net FE_OFN35_FE_DBTN1_n4589 has 61 fanout
WARNING : Net FE_OFN37_n1678 has 55 fanout
WARNING : Net CTS_6 has 97 fanout
WARNING : Net CTS_7 has 98 fanout
WARNING : Net CTS_1 has 97 fanout
WARNING : Net CTS_2 has 98 fanout
WARNING : Net CTS_3 has 97 fanout
WARNING : Net CTS_4 has 95 fanout
WARNING : Net FE_PHN95_rst_n has 52 fanout

