###############################################################
#  Generated by:      Cadence Innovus 21.18-s099_1
#  OS:                Linux x86_64(Host ID coe-ece-taco)
#  Generated on:      Wed Aug 13 14:29:23 2025
#  Design:            top
#  Command:           check_drc
###############################################################
#set_verify_drc_mode -area {0 0 0 0} -check_ndr_spacing auto -check_only default -check_same_via_cell true -disable_rules "" -exclude_pg_net false -ignore_cell_blockage false -ignore_trial_route false -limit 1000 -report top.drc.rpt -use_min_spacing_on_block_obs auto

SHORT: ( Metal Short ) Regular Wire of Net CTS_5 & Blockage of Cell CTS_ccl_a_buf_00001  ( metal1 )
Bounds : ( 52.690, 44.420 ) ( 52.760, 44.520 )


SHORT: ( Metal Short ) Regular Wire of Net FE_PHN247_acc_out_3__2__12 & Regular Wire of Net CTS_6  ( metal2 )
Bounds : ( 13.930, 44.835 ) ( 14.000, 44.905 )


SHORT: ( Metal Short ) Regular Wire of Net CTS_5 & Blockage of Cell CTS_ccl_a_buf_00004  ( metal1 )
Bounds : ( 80.050, 44.420 ) ( 80.120, 44.520 )


SHORT: ( Metal Short ) Regular Wire of Net CTS_2 & Blockage of Cell CTS_ccl_a_buf_00004  ( metal1 )
Bounds : ( 80.355, 44.555 ) ( 80.535, 44.555 )


SHORT: ( Metal Short ) Regular Wire of Net FE_PHN689_n1015 & Pin of Cell CTS_ccl_a_buf_00004  ( metal1 )
Bounds : ( 80.775, 44.415 ) ( 80.880, 44.485 )


SHORT: ( Metal Short ) Regular Wire of Net CTS_1 & Pin of Cell CTS_ccl_a_buf_00003  ( metal1 )
Bounds : ( 89.540, 64.995 ) ( 89.610, 65.020 )


SHORT: ( Metal Short ) Regular Wire of Net clk & Blockage of Cell CTS_ccl_a_buf_00007  ( metal1 )
Bounds : ( 93.920, 30.420 ) ( 93.990, 30.520 )


SHORT: ( Metal Short ) Regular Wire of Net clk & Blockage of Cell CTS_ccl_a_buf_00007  ( metal1 )
Bounds : ( 93.930, 30.380 ) ( 93.990, 30.520 )


SHORT: ( Metal Short ) Regular Wire of Net CTS_3 & Pin of Cell CTS_ccl_a_buf_00005  ( metal1 )
Bounds : ( 94.100, 62.195 ) ( 94.170, 62.220 )


SHORT: ( Metal Short ) Regular Wire of Net n3153 & Pin of Cell CTS_ccl_a_buf_00007  ( metal1 )
Bounds : ( 94.120, 29.855 ) ( 94.190, 29.925 )


SHORT: ( Metal Short ) Regular Wire of Net CTS_7 & Pin of Cell U4048  ( metal1 )
Bounds : ( 95.050, 42.595 ) ( 95.120, 42.620 )


SHORT: ( Metal Short ) Regular Wire of Net n1023 & Pin of Cell CTS_ccl_a_buf_00002  ( metal1 )
Bounds : ( 97.530, 42.875 ) ( 97.600, 42.945 )


SHORT: ( Metal Short ) Regular Wire of Net x_out[1><2><2] & Pin of Cell CTS_ccl_a_buf_00005  ( metal1 )
Bounds : ( 97.720, 62.300 ) ( 97.780, 62.580 )


SHORT: ( Metal Short ) Regular Wire of Net n3628 & Pin of Cell CTS_ccl_a_buf_00005  ( metal1 )
Bounds : ( 97.900, 63.085 ) ( 97.970, 63.105 )


SHORT: ( Metal Short ) Regular Wire of Net n3628 & Blockage of Cell CTS_ccl_a_buf_00005  ( metal1 )
Bounds : ( 97.910, 62.405 ) ( 97.920, 63.000 )


SPACING: ( ParallelRunLength Spacing ) Regular Wire of Net n1024 & Blockage of Cell FE_PHC187_n1024  ( metal1 )
Bounds : ( 92.740, 65.290 ) ( 92.780, 65.360 )


SPACING: ( ParallelRunLength Spacing ) Regular Wire of Net n3628  ( metal1 )
Bounds : ( 97.685, 63.000 ) ( 97.910, 63.035 )


SHORT: ( Metal Short ) Regular Wire of Net FE_PHN981_acc_out_2__1__6 & Blockage of Cell CTS_ccl_a_buf_00006  ( metal1 )
Bounds : ( 54.210, 70.035 ) ( 54.270, 70.105 )


SHORT: ( Metal Short ) Regular Wire of Net FE_PHN981_acc_out_2__1__6 & Pin of Cell CTS_ccl_a_buf_00006  ( metal1 )
Bounds : ( 54.390, 70.035 ) ( 54.460, 70.105 )


SHORT: ( Metal Short ) Regular Wire of Net CTS_4 & Blockage of Cell CTS_ccl_a_buf_00006  ( metal1 )
Bounds : ( 54.705, 69.755 ) ( 54.885, 69.755 )


SHORT: ( Metal Short ) Regular Wire of Net n946 & Blockage of Cell CTS_ccl_a_buf_00006  ( metal1 )
Bounds : ( 55.125, 69.620 ) ( 55.265, 69.685 )


SHORT: ( Metal Short ) Regular Wire of Net n946 & Blockage of Cell CTS_ccl_a_buf_00006  ( metal1 )
Bounds : ( 55.215, 69.615 ) ( 55.265, 69.685 )


SHORT: ( Metal Short ) Regular Wire of Net FE_OFN4_rst_n & Pin of Cell CTS_ccl_a_buf_00006  ( metal1 )
Bounds : ( 56.290, 69.045 ) ( 56.360, 69.075 )


SHORT: ( Metal Short ) Regular Wire of Net FE_PHN1741_acc_out_2__1__5 & Pin of Cell CTS_ccl_a_buf_00006  ( metal1 )
Bounds : ( 58.000, 69.475 ) ( 58.070, 69.545 )


SHORT: ( Metal Short ) Regular Wire of Net FE_PHN1741_acc_out_2__1__5 & Blockage of Cell CTS_ccl_a_buf_00006  ( metal1 )
Bounds : ( 58.140, 69.475 ) ( 58.210, 69.545 )


SPACING: ( ParallelRunLength Spacing ) Regular Wire of Net FE_OFN4_rst_n & Blockage of Cell CTS_ccl_a_buf_00006  ( metal1 )
Bounds : ( 56.265, 69.125 ) ( 56.345, 69.160 )


SHORT: ( Metal Short ) Regular Wire of Net FE_PHN1255_n1049 & Regular Wire of Net CTS_1  ( metal2 )
Bounds : ( 88.790, 101.670 ) ( 88.860, 101.740 )


  Total Violations : 27 Viols.
