/usr/synopsys/syn/S-2021.06-SP5-1/auxx/gui/dv/dv_setup.tcl
/usr/synopsys/syn/S-2021.06-SP5-1/auxx/gui/syn/snpsSynProcs.tcl
/usr/synopsys/syn/S-2021.06-SP5-1/auxx/gui/syn/layout/pkgIndex.tcl
/usr/synopsys/syn/S-2021.06-SP5-1/auxx/gui/common/3dic/pkgIndex.tcl
/usr/synopsys/syn/S-2021.06-SP5-1/auxx/gui/common/3dlayout/pkgIndex.tcl
/usr/synopsys/syn/S-2021.06-SP5-1/auxx/gui/common/3dmodel/pkgIndex.tcl
/usr/synopsys/syn/S-2021.06-SP5-1/auxx/gui/common/WindowFrameWork/pkgIndex.tcl
/usr/synopsys/syn/S-2021.06-SP5-1/auxx/gui/common/acg/pkgIndex.tcl
/usr/synopsys/syn/S-2021.06-SP5-1/auxx/gui/common/commandform/pkgIndex.tcl
/usr/synopsys/syn/S-2021.06-SP5-1/auxx/gui/common/dialogs/pkgIndex.tcl
/usr/synopsys/syn/S-2021.06-SP5-1/auxx/gui/common/docBrowser/pkgIndex.tcl
/usr/synopsys/syn/S-2021.06-SP5-1/auxx/gui/common/hierAttrView/pkgIndex.tcl
/usr/synopsys/syn/S-2021.06-SP5-1/auxx/gui/common/hierarchy/pkgIndex.tcl
/usr/synopsys/syn/S-2021.06-SP5-1/auxx/gui/common/highlight/pkgIndex.tcl
/usr/synopsys/syn/S-2021.06-SP5-1/auxx/gui/common/histogram/pkgIndex.tcl
/usr/synopsys/syn/S-2021.06-SP5-1/auxx/gui/common/layout/pkgIndex.tcl
/usr/synopsys/syn/S-2021.06-SP5-1/auxx/gui/common/libviewer/pkgIndex.tcl
/usr/synopsys/syn/S-2021.06-SP5-1/auxx/gui/common/menus/pkgIndex.tcl
/usr/synopsys/syn/S-2021.06-SP5-1/auxx/gui/common/misc/pkgIndex.tcl
/usr/synopsys/syn/S-2021.06-SP5-1/auxx/gui/common/mrupalette/pkgIndex.tcl
/usr/synopsys/syn/S-2021.06-SP5-1/auxx/gui/common/opdlg/pkgIndex.tcl
/usr/synopsys/syn/S-2021.06-SP5-1/auxx/gui/common/palettegroup/pkgIndex.tcl
/usr/synopsys/syn/S-2021.06-SP5-1/auxx/gui/common/qtcl/pkgIndex.tcl
/usr/synopsys/syn/S-2021.06-SP5-1/auxx/gui/common/regressionToolkit/pkgIndex.tcl
/usr/synopsys/syn/S-2021.06-SP5-1/auxx/gui/common/rtlxref/pkgIndex.tcl
/usr/synopsys/syn/S-2021.06-SP5-1/auxx/gui/common/schematic/pkgIndex.tcl
/usr/synopsys/syn/S-2021.06-SP5-1/auxx/gui/common/select/pkgIndex.tcl
/usr/synopsys/syn/S-2021.06-SP5-1/auxx/gui/common/setup/pkgIndex.tcl
/usr/synopsys/syn/S-2021.06-SP5-1/auxx/gui/common/strokes/pkgIndex.tcl
/usr/synopsys/syn/S-2021.06-SP5-1/auxx/gui/common/table/pkgIndex.tcl
/usr/synopsys/syn/S-2021.06-SP5-1/auxx/gui/common/taskassistant/pkgIndex.tcl
/usr/synopsys/syn/S-2021.06-SP5-1/auxx/gui/common/tcl-dp/pkgIndex.tcl
/usr/synopsys/syn/S-2021.06-SP5-1/auxx/gui/common/tiledview/pkgIndex.tcl
/usr/synopsys/syn/S-2021.06-SP5-1/auxx/gui/common/timing/pkgIndex.tcl
/usr/synopsys/syn/S-2021.06-SP5-1/auxx/gui/common/tq/pkgIndex.tcl
/usr/synopsys/syn/S-2021.06-SP5-1/auxx/gui/common/utable/pkgIndex.tcl
/usr/synopsys/syn/S-2021.06-SP5-1/auxx/gui/common/view/pkgIndex.tcl
/usr/synopsys/syn/S-2021.06-SP5-1/auxx/gui/dv/pkgIndex.tcl
/usr/synopsys/syn/S-2021.06-SP5-1/auxx/syn/lib/pkgIndex.tcl
/usr/synopsys/syn/S-2021.06-SP5-1/auxx/tcllib/lib/itcl4.0.5/pkgIndex.tcl
/usr/synopsys/syn/S-2021.06-SP5-1/auxx/tcllib/lib/iwidgets4.1/pkgIndex.tcl
/usr/synopsys/syn/S-2021.06-SP5-1/auxx/tcllib/snps_tcl/snpsTclPro/pkgIndex.tcl
/usr/synopsys/syn/S-2021.06-SP5-1/auxx/tcllib/snps_tcl/snpsTest/pkgIndex.tcl
/usr/synopsys/syn/S-2021.06-SP5-1/auxx/tcllib/snps_tcl/snpsUtils/pkgIndex.tcl
/usr/synopsys/syn/S-2021.06-SP5-1/auxx/tcllib/snps_tcl/pkgIndex.tcl
/usr/synopsys/syn/S-2021.06-SP5-1/auxx/tcllib/lib/tcl8.6/dde/pkgIndex.tcl
/usr/synopsys/syn/S-2021.06-SP5-1/auxx/tcllib/lib/tcl8.6/http/pkgIndex.tcl
/usr/synopsys/syn/S-2021.06-SP5-1/auxx/tcllib/lib/tcl8.6/http1.0/pkgIndex.tcl
/usr/synopsys/syn/S-2021.06-SP5-1/auxx/tcllib/lib/tcl8.6/msgcat/pkgIndex.tcl
/usr/synopsys/syn/S-2021.06-SP5-1/auxx/tcllib/lib/tcl8.6/opt/pkgIndex.tcl
/usr/synopsys/syn/S-2021.06-SP5-1/auxx/tcllib/lib/tcl8.6/platform/pkgIndex.tcl
/usr/synopsys/syn/S-2021.06-SP5-1/auxx/tcllib/lib/tcl8.6/reg/pkgIndex.tcl
/usr/synopsys/syn/S-2021.06-SP5-1/auxx/tcllib/lib/tcl8.6/tcltest/pkgIndex.tcl
/usr/synopsys/syn/S-2021.06-SP5-1/auxx/gui/common/setup/snpsCommonSetup.tcl
/usr/synopsys/syn/S-2021.06-SP5-1/auxx/gui/common/setup/snpsCustomize.tcl
/usr/synopsys/syn/S-2021.06-SP5-1/auxx/gui/common/setup/snpsProcheck.tcl
/usr/synopsys/syn/S-2021.06-SP5-1/auxx/gui/common/misc/base.tcl
/usr/synopsys/syn/S-2021.06-SP5-1/auxx/gui/common/misc/timing.tcl
/usr/synopsys/syn/S-2021.06-SP5-1/auxx/gui/common/misc/setting.tcl
/usr/synopsys/syn/S-2021.06-SP5-1/auxx/gui/common/misc/preset.tcl
/usr/synopsys/syn/S-2021.06-SP5-1/auxx/gui/common/WindowFrameWork/windowFrameWork.tcl
/usr/synopsys/syn/S-2021.06-SP5-1/auxx/gui/common/WindowFrameWork/skipBusyCursorCmdList.tcl
/usr/synopsys/syn/S-2021.06-SP5-1/auxx/gui/common/qtcl/.synopsys_qtcl.tcl
/usr/synopsys/syn/S-2021.06-SP5-1/auxx/gui/common/highlight/highlight.tcl
/usr/synopsys/syn/S-2021.06-SP5-1/auxx/gui/common/palettegroup/palettegroup.tcl
/usr/synopsys/syn/S-2021.06-SP5-1/auxx/gui/common/commandform/commandform.tcl
/usr/synopsys/syn/S-2021.06-SP5-1/auxx/gui/common/tiledview/tiledview.tcl
/usr/synopsys/syn/S-2021.06-SP5-1/auxx/gui/common/docBrowser/docBrowser.tcl
/usr/synopsys/syn/S-2021.06-SP5-1/auxx/tcllib/snps_tcl/snpsUtils/snpsUtils.tcl
/usr/synopsys/syn/S-2021.06-SP5-1/auxx/gui/common/dialogs/ObjectChooser.tcl
/usr/synopsys/syn/S-2021.06-SP5-1/auxx/gui/common/misc/DialogObjectChooser.tcl
/usr/synopsys/syn/S-2021.06-SP5-1/auxx/gui/common/dialogs/HistBinInformation.tcl
/usr/synopsys/syn/S-2021.06-SP5-1/auxx/gui/common/dialogs/HistBin1Information.tcl
/usr/synopsys/syn/S-2021.06-SP5-1/auxx/gui/common/dialogs/BinsOnlyInformation.tcl
/usr/synopsys/syn/S-2021.06-SP5-1/auxx/gui/common/dialogs/FileChooser.tcl
/usr/synopsys/syn/S-2021.06-SP5-1/auxx/gui/common/dialogs/PathPinSimpleInfo.tcl
/usr/synopsys/syn/S-2021.06-SP5-1/auxx/gui/common/dialogs/PathsBasicInfo.tcl
/usr/synopsys/syn/S-2021.06-SP5-1/auxx/gui/common/dialogs/PathsBasicSimpleInfo.tcl
/usr/synopsys/syn/S-2021.06-SP5-1/auxx/gui/common/dialogs/SlctOperationInfo.tcl
/usr/synopsys/syn/S-2021.06-SP5-1/auxx/gui/common/dialogs/ObjectListInfo.tcl
/usr/synopsys/syn/S-2021.06-SP5-1/auxx/gui/common/dialogs/FanInOutInfo.tcl
/usr/synopsys/syn/S-2021.06-SP5-1/auxx/gui/common/dialogs/NumberOfLevelsChooser.tcl
/usr/synopsys/syn/S-2021.06-SP5-1/auxx/gui/common/dialogs/WindowReuseInfo.tcl
/usr/synopsys/syn/S-2021.06-SP5-1/auxx/gui/common/dialogs/ReportOutputOptionInfo.tcl
/usr/synopsys/syn/S-2021.06-SP5-1/auxx/gui/common/setup/snpsCollections.tcl
/usr/synopsys/syn/S-2021.06-SP5-1/auxx/gui/common/dialogs/CompileLinkDesign.tcl
/usr/synopsys/syn/S-2021.06-SP5-1/auxx/gui/common/histogram/base.tcl
/usr/synopsys/syn/S-2021.06-SP5-1/auxx/gui/common/histogram/DialogNetCapacitance.tcl
/usr/synopsys/syn/S-2021.06-SP5-1/auxx/gui/common/schematic/DialogPathSchematicFanInOut.tcl
/usr/synopsys/syn/S-2021.06-SP5-1/auxx/gui/common/schematic/DialogPathSchematicAddPaths.tcl
/home/c11879_csufresno/Documents/ECE176_Final/SoCC_version/Many-Core-SIMD-Research/Synthesis/4096Top_SYN_64_64/dc-top.tcl
/home/c11879_csufresno/Documents/ECE176_Final/SoCC_version/Many-Core-SIMD-Research/Synthesis/4096Top_SYN_64_64/mesh_2d_array.v
/synopsys/Nangate_FreePDK45/NangateOpenCellLibrary_PDKv1_3_v2010_12/Front_End/Liberty/CCS/NangateOpenCellLibrary.db
/synopsys/Design_Compiler/libraries/syn/dw_foundation.sldb
/home/c11879_csufresno/Documents/ECE176_Final/SoCC_version/Many-Core-SIMD-Research/Synthesis/4096Top_SYN_64_64/top.v
/home/c11879_csufresno/Documents/ECE176_Final/SoCC_version/Many-Core-SIMD-Research/Synthesis/4096Top_SYN_64_64/fsm_controller.v
/home/c11879_csufresno/Documents/ECE176_Final/SoCC_version/Many-Core-SIMD-Research/Synthesis/4096Top_SYN_64_64/tile_pe.v
/usr/synopsys/syn/S-2021.06-SP5-1/libraries/syn/gtech.db
/usr/synopsys/syn/S-2021.06-SP5-1/libraries/syn/standard.sldb
/synopsys/Nangate_FreePDK45/NangateOpenCellLibrary_PDKv1_3_v2010_12/Front_End/Liberty/CCS/NangateOpenCellLibrary.db
/home/c11879_csufresno/Documents/ECE176_Final/SoCC_version/Many-Core-SIMD-Research/Synthesis/4096Top_SYN_64_64/alib-52/NangateOpenCellLibrary.db.alib
/synopsys/Nangate_FreePDK45/NangateOpenCellLibrary_PDKv1_3_v2010_12/Front_End/Liberty/CCS/NangateOpenCellLibrary.db
/home/c11879_csufresno/Documents/ECE176_Final/SoCC_version/Many-Core-SIMD-Research/Synthesis/4096Top_SYN_64_64/alib-52/NangateOpenCellLibrary.db.alib
